[2018-05-13T08:55:30,904][INFO ][o.e.n.Node               ] [] initializing ...
[2018-05-13T08:55:31,017][INFO ][o.e.e.NodeEnvironment    ] [A_ygTsB] using [1] data paths, mounts [[/media/dimapc/A2047D20047CF89D (/dev/sda4)]], net usable_space [17.8gb], net total_space [98.5gb], spins? [no], types [fuseblk]
[2018-05-13T08:55:31,017][INFO ][o.e.e.NodeEnvironment    ] [A_ygTsB] heap size [1.9gb], compressed ordinary object pointers [true]
[2018-05-13T08:55:31,137][INFO ][o.e.n.Node               ] node name [A_ygTsB] derived from node ID [A_ygTsB8QGGA88KKhy6Y5g]; set [node.name] to override
[2018-05-13T08:55:31,138][INFO ][o.e.n.Node               ] version[5.5.3], pid[8645], build[9305a5e/2017-09-07T15:56:59.599Z], OS[Linux/4.4.0-124-generic/amd64], JVM[Oracle Corporation/Java HotSpot(TM) 64-Bit Server VM/1.8.0_171/25.171-b11]
[2018-05-13T08:55:31,139][INFO ][o.e.n.Node               ] JVM arguments [-Xms2g, -Xmx2g, -XX:+UseConcMarkSweepGC, -XX:CMSInitiatingOccupancyFraction=75, -XX:+UseCMSInitiatingOccupancyOnly, -XX:+AlwaysPreTouch, -Xss1m, -Djava.awt.headless=true, -Dfile.encoding=UTF-8, -Djna.nosys=true, -Djdk.io.permissionsUseCanonicalPath=true, -Dio.netty.noUnsafe=true, -Dio.netty.noKeySetOptimization=true, -Dio.netty.recycler.maxCapacityPerThread=0, -Dlog4j.shutdownHookEnabled=false, -Dlog4j2.disable.jmx=true, -Dlog4j.skipJansi=true, -XX:+HeapDumpOnOutOfMemoryError, -Des.path.home=/media/dimapc/A2047D20047CF89D/Users/DIMAPC/Desktop/5курс/practice/mean-app/elastic/elasticsearch-5.5.3]
[2018-05-13T08:55:32,556][INFO ][o.e.p.PluginsService     ] [A_ygTsB] loaded module [aggs-matrix-stats]
[2018-05-13T08:55:32,556][INFO ][o.e.p.PluginsService     ] [A_ygTsB] loaded module [ingest-common]
[2018-05-13T08:55:32,557][INFO ][o.e.p.PluginsService     ] [A_ygTsB] loaded module [lang-expression]
[2018-05-13T08:55:32,557][INFO ][o.e.p.PluginsService     ] [A_ygTsB] loaded module [lang-groovy]
[2018-05-13T08:55:32,558][INFO ][o.e.p.PluginsService     ] [A_ygTsB] loaded module [lang-mustache]
[2018-05-13T08:55:32,558][INFO ][o.e.p.PluginsService     ] [A_ygTsB] loaded module [lang-painless]
[2018-05-13T08:55:32,558][INFO ][o.e.p.PluginsService     ] [A_ygTsB] loaded module [parent-join]
[2018-05-13T08:55:32,559][INFO ][o.e.p.PluginsService     ] [A_ygTsB] loaded module [percolator]
[2018-05-13T08:55:32,559][INFO ][o.e.p.PluginsService     ] [A_ygTsB] loaded module [reindex]
[2018-05-13T08:55:32,560][INFO ][o.e.p.PluginsService     ] [A_ygTsB] loaded module [transport-netty3]
[2018-05-13T08:55:32,560][INFO ][o.e.p.PluginsService     ] [A_ygTsB] loaded module [transport-netty4]
[2018-05-13T08:55:32,561][INFO ][o.e.p.PluginsService     ] [A_ygTsB] no plugins loaded
[2018-05-13T08:55:34,730][INFO ][o.e.d.DiscoveryModule    ] [A_ygTsB] using discovery type [zen]
[2018-05-13T08:55:35,425][INFO ][o.e.n.Node               ] initialized
[2018-05-13T08:55:35,426][INFO ][o.e.n.Node               ] [A_ygTsB] starting ...
[2018-05-13T08:55:35,627][INFO ][o.e.t.TransportService   ] [A_ygTsB] publish_address {127.0.0.1:9300}, bound_addresses {[::1]:9300}, {127.0.0.1:9300}
[2018-05-13T08:55:35,641][WARN ][o.e.b.BootstrapChecks    ] [A_ygTsB] max virtual memory areas vm.max_map_count [65530] is too low, increase to at least [262144]
[2018-05-13T08:55:38,695][INFO ][o.e.c.s.ClusterService   ] [A_ygTsB] new_master {A_ygTsB}{A_ygTsB8QGGA88KKhy6Y5g}{jiCI93LKSTav1ryN3qRwNw}{127.0.0.1}{127.0.0.1:9300}, reason: zen-disco-elected-as-master ([0] nodes joined)
[2018-05-13T08:55:38,735][INFO ][o.e.h.n.Netty4HttpServerTransport] [A_ygTsB] publish_address {127.0.0.1:9200}, bound_addresses {[::1]:9200}, {127.0.0.1:9200}
[2018-05-13T08:55:38,735][INFO ][o.e.n.Node               ] [A_ygTsB] started
[2018-05-13T08:55:38,869][INFO ][o.e.g.GatewayService     ] [A_ygTsB] recovered [1] indices into cluster_state
[2018-05-13T08:55:39,255][INFO ][o.e.c.r.a.AllocationService] [A_ygTsB] Cluster health status changed from [RED] to [YELLOW] (reason: [shards started [[halsetadindex][0]] ...]).
[2018-05-13T09:22:34,163][INFO ][o.e.n.Node               ] [A_ygTsB] stopping ...
[2018-05-13T09:22:34,199][INFO ][o.e.n.Node               ] [A_ygTsB] stopped
[2018-05-13T09:22:34,199][INFO ][o.e.n.Node               ] [A_ygTsB] closing ...
[2018-05-13T09:22:34,209][INFO ][o.e.n.Node               ] [A_ygTsB] closed
