[2018-05-12T12:52:49,413][INFO ][o.e.n.Node               ] [] initializing ...
[2018-05-12T12:52:49,499][INFO ][o.e.e.NodeEnvironment    ] [A_ygTsB] using [1] data paths, mounts [[/media/dimapc/A2047D20047CF89D (/dev/sda4)]], net usable_space [17.7gb], net total_space [98.5gb], spins? [no], types [fuseblk]
[2018-05-12T12:52:49,500][INFO ][o.e.e.NodeEnvironment    ] [A_ygTsB] heap size [1.9gb], compressed ordinary object pointers [true]
[2018-05-12T12:52:49,505][INFO ][o.e.n.Node               ] node name [A_ygTsB] derived from node ID [A_ygTsB8QGGA88KKhy6Y5g]; set [node.name] to override
[2018-05-12T12:52:49,505][INFO ][o.e.n.Node               ] version[5.5.3], pid[20314], build[9305a5e/2017-09-07T15:56:59.599Z], OS[Linux/4.4.0-124-generic/amd64], JVM[Oracle Corporation/Java HotSpot(TM) 64-Bit Server VM/1.8.0_171/25.171-b11]
[2018-05-12T12:52:49,505][INFO ][o.e.n.Node               ] JVM arguments [-Xms2g, -Xmx2g, -XX:+UseConcMarkSweepGC, -XX:CMSInitiatingOccupancyFraction=75, -XX:+UseCMSInitiatingOccupancyOnly, -XX:+AlwaysPreTouch, -Xss1m, -Djava.awt.headless=true, -Dfile.encoding=UTF-8, -Djna.nosys=true, -Djdk.io.permissionsUseCanonicalPath=true, -Dio.netty.noUnsafe=true, -Dio.netty.noKeySetOptimization=true, -Dio.netty.recycler.maxCapacityPerThread=0, -Dlog4j.shutdownHookEnabled=false, -Dlog4j2.disable.jmx=true, -Dlog4j.skipJansi=true, -XX:+HeapDumpOnOutOfMemoryError, -Des.path.home=/media/dimapc/A2047D20047CF89D/Users/DIMAPC/Desktop/5курс/practice/mean-app/elastic/elasticsearch-5.5.3]
[2018-05-12T12:52:50,528][INFO ][o.e.p.PluginsService     ] [A_ygTsB] loaded module [aggs-matrix-stats]
[2018-05-12T12:52:50,528][INFO ][o.e.p.PluginsService     ] [A_ygTsB] loaded module [ingest-common]
[2018-05-12T12:52:50,528][INFO ][o.e.p.PluginsService     ] [A_ygTsB] loaded module [lang-expression]
[2018-05-12T12:52:50,529][INFO ][o.e.p.PluginsService     ] [A_ygTsB] loaded module [lang-groovy]
[2018-05-12T12:52:50,529][INFO ][o.e.p.PluginsService     ] [A_ygTsB] loaded module [lang-mustache]
[2018-05-12T12:52:50,529][INFO ][o.e.p.PluginsService     ] [A_ygTsB] loaded module [lang-painless]
[2018-05-12T12:52:50,529][INFO ][o.e.p.PluginsService     ] [A_ygTsB] loaded module [parent-join]
[2018-05-12T12:52:50,529][INFO ][o.e.p.PluginsService     ] [A_ygTsB] loaded module [percolator]
[2018-05-12T12:52:50,529][INFO ][o.e.p.PluginsService     ] [A_ygTsB] loaded module [reindex]
[2018-05-12T12:52:50,530][INFO ][o.e.p.PluginsService     ] [A_ygTsB] loaded module [transport-netty3]
[2018-05-12T12:52:50,530][INFO ][o.e.p.PluginsService     ] [A_ygTsB] loaded module [transport-netty4]
[2018-05-12T12:52:50,530][INFO ][o.e.p.PluginsService     ] [A_ygTsB] no plugins loaded
[2018-05-12T12:52:51,946][INFO ][o.e.d.DiscoveryModule    ] [A_ygTsB] using discovery type [zen]
[2018-05-12T12:52:52,671][INFO ][o.e.n.Node               ] initialized
[2018-05-12T12:52:52,671][INFO ][o.e.n.Node               ] [A_ygTsB] starting ...
[2018-05-12T12:52:52,919][INFO ][o.e.t.TransportService   ] [A_ygTsB] publish_address {127.0.0.1:9300}, bound_addresses {[::1]:9300}, {127.0.0.1:9300}
[2018-05-12T12:52:52,939][WARN ][o.e.b.BootstrapChecks    ] [A_ygTsB] max virtual memory areas vm.max_map_count [65530] is too low, increase to at least [262144]
[2018-05-12T12:52:55,995][INFO ][o.e.c.s.ClusterService   ] [A_ygTsB] new_master {A_ygTsB}{A_ygTsB8QGGA88KKhy6Y5g}{NEU1LeDrQSKjiaDT-srQGA}{127.0.0.1}{127.0.0.1:9300}, reason: zen-disco-elected-as-master ([0] nodes joined)
[2018-05-12T12:52:56,015][INFO ][o.e.h.n.Netty4HttpServerTransport] [A_ygTsB] publish_address {127.0.0.1:9200}, bound_addresses {[::1]:9200}, {127.0.0.1:9200}
[2018-05-12T12:52:56,025][INFO ][o.e.n.Node               ] [A_ygTsB] started
[2018-05-12T12:52:56,038][INFO ][o.e.g.GatewayService     ] [A_ygTsB] recovered [0] indices into cluster_state
[2018-05-12T12:53:19,629][INFO ][o.e.c.m.MetaDataCreateIndexService] [A_ygTsB] [halsetadindex] creating index, cause [auto(bulk api)], templates [], shards [5]/[1], mappings []
[2018-05-12T12:53:20,074][INFO ][o.e.c.m.MetaDataMappingService] [A_ygTsB] [halsetadindex/SRG5kWkqTRecSQiVbJ46Sg] create_mapping [metrics]
[2018-05-12T12:54:33,018][INFO ][o.e.c.m.MetaDataDeleteIndexService] [A_ygTsB] [halsetadindex/SRG5kWkqTRecSQiVbJ46Sg] deleting index
[2018-05-12T12:54:52,103][INFO ][o.e.c.m.MetaDataCreateIndexService] [A_ygTsB] [halsetadindex] creating index, cause [auto(bulk api)], templates [], shards [5]/[1], mappings []
[2018-05-12T12:54:52,449][DEBUG][o.e.a.b.TransportShardBulkAction] [A_ygTsB] [halsetadindex][4] failed to execute bulk item (index) BulkShardRequest [[halsetadindex][4]] containing [2] requests
java.lang.IllegalArgumentException: mapper [metric.aggregate.halstead.operands.identifiers] of different type, current_type [long], merged_type [text]
	at org.elasticsearch.index.mapper.FieldMapper.doMerge(FieldMapper.java:347) ~[elasticsearch-5.5.3.jar:5.5.3]
	at org.elasticsearch.index.mapper.NumberFieldMapper.doMerge(NumberFieldMapper.java:1097) ~[elasticsearch-5.5.3.jar:5.5.3]
	at org.elasticsearch.index.mapper.FieldMapper.merge(FieldMapper.java:333) ~[elasticsearch-5.5.3.jar:5.5.3]
	at org.elasticsearch.index.mapper.FieldMapper.merge(FieldMapper.java:49) ~[elasticsearch-5.5.3.jar:5.5.3]
	at org.elasticsearch.index.mapper.DocumentParser.createDynamicUpdate(DocumentParser.java:210) ~[elasticsearch-5.5.3.jar:5.5.3]
	at org.elasticsearch.index.mapper.DocumentParser.parseDocument(DocumentParser.java:78) ~[elasticsearch-5.5.3.jar:5.5.3]
	at org.elasticsearch.index.mapper.DocumentMapper.parse(DocumentMapper.java:277) ~[elasticsearch-5.5.3.jar:5.5.3]
	at org.elasticsearch.index.shard.IndexShard.prepareIndex(IndexShard.java:529) ~[elasticsearch-5.5.3.jar:5.5.3]
	at org.elasticsearch.index.shard.IndexShard.prepareIndexOnPrimary(IndexShard.java:506) ~[elasticsearch-5.5.3.jar:5.5.3]
	at org.elasticsearch.action.bulk.TransportShardBulkAction.prepareIndexOperationOnPrimary(TransportShardBulkAction.java:457) ~[elasticsearch-5.5.3.jar:5.5.3]
	at org.elasticsearch.action.bulk.TransportShardBulkAction.executeIndexRequestOnPrimary(TransportShardBulkAction.java:465) ~[elasticsearch-5.5.3.jar:5.5.3]
	at org.elasticsearch.action.bulk.TransportShardBulkAction.executeBulkItemRequest(TransportShardBulkAction.java:146) [elasticsearch-5.5.3.jar:5.5.3]
	at org.elasticsearch.action.bulk.TransportShardBulkAction.shardOperationOnPrimary(TransportShardBulkAction.java:115) [elasticsearch-5.5.3.jar:5.5.3]
	at org.elasticsearch.action.bulk.TransportShardBulkAction.shardOperationOnPrimary(TransportShardBulkAction.java:70) [elasticsearch-5.5.3.jar:5.5.3]
	at org.elasticsearch.action.support.replication.TransportReplicationAction$PrimaryShardReference.perform(TransportReplicationAction.java:939) [elasticsearch-5.5.3.jar:5.5.3]
	at org.elasticsearch.action.support.replication.TransportReplicationAction$PrimaryShardReference.perform(TransportReplicationAction.java:908) [elasticsearch-5.5.3.jar:5.5.3]
	at org.elasticsearch.action.support.replication.ReplicationOperation.execute(ReplicationOperation.java:113) [elasticsearch-5.5.3.jar:5.5.3]
	at org.elasticsearch.action.support.replication.TransportReplicationAction$AsyncPrimaryAction.onResponse(TransportReplicationAction.java:322) [elasticsearch-5.5.3.jar:5.5.3]
	at org.elasticsearch.action.support.replication.TransportReplicationAction$AsyncPrimaryAction.onResponse(TransportReplicationAction.java:264) [elasticsearch-5.5.3.jar:5.5.3]
	at org.elasticsearch.action.support.replication.TransportReplicationAction$1.onResponse(TransportReplicationAction.java:888) [elasticsearch-5.5.3.jar:5.5.3]
	at org.elasticsearch.action.support.replication.TransportReplicationAction$1.onResponse(TransportReplicationAction.java:885) [elasticsearch-5.5.3.jar:5.5.3]
	at org.elasticsearch.index.shard.IndexShardOperationsLock.acquire(IndexShardOperationsLock.java:151) [elasticsearch-5.5.3.jar:5.5.3]
	at org.elasticsearch.index.shard.IndexShard.acquirePrimaryOperationLock(IndexShard.java:1657) [elasticsearch-5.5.3.jar:5.5.3]
	at org.elasticsearch.action.support.replication.TransportReplicationAction.acquirePrimaryShardReference(TransportReplicationAction.java:897) [elasticsearch-5.5.3.jar:5.5.3]
	at org.elasticsearch.action.support.replication.TransportReplicationAction.access$400(TransportReplicationAction.java:93) [elasticsearch-5.5.3.jar:5.5.3]
	at org.elasticsearch.action.support.replication.TransportReplicationAction$AsyncPrimaryAction.doRun(TransportReplicationAction.java:281) [elasticsearch-5.5.3.jar:5.5.3]
	at org.elasticsearch.common.util.concurrent.AbstractRunnable.run(AbstractRunnable.java:37) [elasticsearch-5.5.3.jar:5.5.3]
	at org.elasticsearch.action.support.replication.TransportReplicationAction$PrimaryOperationTransportHandler.messageReceived(TransportReplicationAction.java:260) [elasticsearch-5.5.3.jar:5.5.3]
	at org.elasticsearch.action.support.replication.TransportReplicationAction$PrimaryOperationTransportHandler.messageReceived(TransportReplicationAction.java:252) [elasticsearch-5.5.3.jar:5.5.3]
	at org.elasticsearch.transport.RequestHandlerRegistry.processMessageReceived(RequestHandlerRegistry.java:69) [elasticsearch-5.5.3.jar:5.5.3]
	at org.elasticsearch.transport.TransportService$7.doRun(TransportService.java:644) [elasticsearch-5.5.3.jar:5.5.3]
	at org.elasticsearch.common.util.concurrent.ThreadContext$ContextPreservingAbstractRunnable.doRun(ThreadContext.java:638) [elasticsearch-5.5.3.jar:5.5.3]
	at org.elasticsearch.common.util.concurrent.AbstractRunnable.run(AbstractRunnable.java:37) [elasticsearch-5.5.3.jar:5.5.3]
	at java.util.concurrent.ThreadPoolExecutor.runWorker(ThreadPoolExecutor.java:1149) [?:1.8.0_171]
	at java.util.concurrent.ThreadPoolExecutor$Worker.run(ThreadPoolExecutor.java:624) [?:1.8.0_171]
	at java.lang.Thread.run(Thread.java:748) [?:1.8.0_171]
[2018-05-12T12:54:52,444][DEBUG][o.e.a.b.TransportShardBulkAction] [A_ygTsB] [halsetadindex][3] failed to execute bulk item (index) BulkShardRequest [[halsetadindex][3]] containing [2] requests
java.lang.IllegalArgumentException: mapper [metric.aggregate.halstead.operands.identifiers] of different type, current_type [boolean], merged_type [text]
	at org.elasticsearch.index.mapper.FieldMapper.doMerge(FieldMapper.java:347) ~[elasticsearch-5.5.3.jar:5.5.3]
	at org.elasticsearch.index.mapper.FieldMapper.merge(FieldMapper.java:333) ~[elasticsearch-5.5.3.jar:5.5.3]
	at org.elasticsearch.index.mapper.FieldMapper.merge(FieldMapper.java:49) ~[elasticsearch-5.5.3.jar:5.5.3]
	at org.elasticsearch.index.mapper.DocumentParser.createDynamicUpdate(DocumentParser.java:210) ~[elasticsearch-5.5.3.jar:5.5.3]
	at org.elasticsearch.index.mapper.DocumentParser.parseDocument(DocumentParser.java:78) ~[elasticsearch-5.5.3.jar:5.5.3]
	at org.elasticsearch.index.mapper.DocumentMapper.parse(DocumentMapper.java:277) ~[elasticsearch-5.5.3.jar:5.5.3]
	at org.elasticsearch.index.shard.IndexShard.prepareIndex(IndexShard.java:529) ~[elasticsearch-5.5.3.jar:5.5.3]
	at org.elasticsearch.index.shard.IndexShard.prepareIndexOnPrimary(IndexShard.java:506) ~[elasticsearch-5.5.3.jar:5.5.3]
	at org.elasticsearch.action.bulk.TransportShardBulkAction.prepareIndexOperationOnPrimary(TransportShardBulkAction.java:457) ~[elasticsearch-5.5.3.jar:5.5.3]
	at org.elasticsearch.action.bulk.TransportShardBulkAction.executeIndexRequestOnPrimary(TransportShardBulkAction.java:465) ~[elasticsearch-5.5.3.jar:5.5.3]
	at org.elasticsearch.action.bulk.TransportShardBulkAction.executeBulkItemRequest(TransportShardBulkAction.java:146) [elasticsearch-5.5.3.jar:5.5.3]
	at org.elasticsearch.action.bulk.TransportShardBulkAction.shardOperationOnPrimary(TransportShardBulkAction.java:115) [elasticsearch-5.5.3.jar:5.5.3]
	at org.elasticsearch.action.bulk.TransportShardBulkAction.shardOperationOnPrimary(TransportShardBulkAction.java:70) [elasticsearch-5.5.3.jar:5.5.3]
	at org.elasticsearch.action.support.replication.TransportReplicationAction$PrimaryShardReference.perform(TransportReplicationAction.java:939) [elasticsearch-5.5.3.jar:5.5.3]
	at org.elasticsearch.action.support.replication.TransportReplicationAction$PrimaryShardReference.perform(TransportReplicationAction.java:908) [elasticsearch-5.5.3.jar:5.5.3]
	at org.elasticsearch.action.support.replication.ReplicationOperation.execute(ReplicationOperation.java:113) [elasticsearch-5.5.3.jar:5.5.3]
	at org.elasticsearch.action.support.replication.TransportReplicationAction$AsyncPrimaryAction.onResponse(TransportReplicationAction.java:322) [elasticsearch-5.5.3.jar:5.5.3]
	at org.elasticsearch.action.support.replication.TransportReplicationAction$AsyncPrimaryAction.onResponse(TransportReplicationAction.java:264) [elasticsearch-5.5.3.jar:5.5.3]
	at org.elasticsearch.action.support.replication.TransportReplicationAction$1.onResponse(TransportReplicationAction.java:888) [elasticsearch-5.5.3.jar:5.5.3]
	at org.elasticsearch.action.support.replication.TransportReplicationAction$1.onResponse(TransportReplicationAction.java:885) [elasticsearch-5.5.3.jar:5.5.3]
	at org.elasticsearch.index.shard.IndexShardOperationsLock.acquire(IndexShardOperationsLock.java:151) [elasticsearch-5.5.3.jar:5.5.3]
	at org.elasticsearch.index.shard.IndexShard.acquirePrimaryOperationLock(IndexShard.java:1657) [elasticsearch-5.5.3.jar:5.5.3]
	at org.elasticsearch.action.support.replication.TransportReplicationAction.acquirePrimaryShardReference(TransportReplicationAction.java:897) [elasticsearch-5.5.3.jar:5.5.3]
	at org.elasticsearch.action.support.replication.TransportReplicationAction.access$400(TransportReplicationAction.java:93) [elasticsearch-5.5.3.jar:5.5.3]
	at org.elasticsearch.action.support.replication.TransportReplicationAction$AsyncPrimaryAction.doRun(TransportReplicationAction.java:281) [elasticsearch-5.5.3.jar:5.5.3]
	at org.elasticsearch.common.util.concurrent.AbstractRunnable.run(AbstractRunnable.java:37) [elasticsearch-5.5.3.jar:5.5.3]
	at org.elasticsearch.action.support.replication.TransportReplicationAction$PrimaryOperationTransportHandler.messageReceived(TransportReplicationAction.java:260) [elasticsearch-5.5.3.jar:5.5.3]
	at org.elasticsearch.action.support.replication.TransportReplicationAction$PrimaryOperationTransportHandler.messageReceived(TransportReplicationAction.java:252) [elasticsearch-5.5.3.jar:5.5.3]
	at org.elasticsearch.transport.RequestHandlerRegistry.processMessageReceived(RequestHandlerRegistry.java:69) [elasticsearch-5.5.3.jar:5.5.3]
	at org.elasticsearch.transport.TransportService$7.doRun(TransportService.java:644) [elasticsearch-5.5.3.jar:5.5.3]
	at org.elasticsearch.common.util.concurrent.ThreadContext$ContextPreservingAbstractRunnable.doRun(ThreadContext.java:638) [elasticsearch-5.5.3.jar:5.5.3]
	at org.elasticsearch.common.util.concurrent.AbstractRunnable.run(AbstractRunnable.java:37) [elasticsearch-5.5.3.jar:5.5.3]
	at java.util.concurrent.ThreadPoolExecutor.runWorker(ThreadPoolExecutor.java:1149) [?:1.8.0_171]
	at java.util.concurrent.ThreadPoolExecutor$Worker.run(ThreadPoolExecutor.java:624) [?:1.8.0_171]
	at java.lang.Thread.run(Thread.java:748) [?:1.8.0_171]
[2018-05-12T12:54:52,460][DEBUG][o.e.a.b.TransportShardBulkAction] [A_ygTsB] [halsetadindex][2] failed to execute bulk item (index) BulkShardRequest [[halsetadindex][2]] containing [3] requests
java.lang.IllegalArgumentException: mapper [metric.aggregate.halstead.operands.identifiers] of different type, current_type [boolean], merged_type [text]
	at org.elasticsearch.index.mapper.FieldMapper.doMerge(FieldMapper.java:347) ~[elasticsearch-5.5.3.jar:5.5.3]
	at org.elasticsearch.index.mapper.FieldMapper.merge(FieldMapper.java:333) ~[elasticsearch-5.5.3.jar:5.5.3]
	at org.elasticsearch.index.mapper.FieldMapper.merge(FieldMapper.java:49) ~[elasticsearch-5.5.3.jar:5.5.3]
	at org.elasticsearch.index.mapper.DocumentParser.createDynamicUpdate(DocumentParser.java:210) ~[elasticsearch-5.5.3.jar:5.5.3]
	at org.elasticsearch.index.mapper.DocumentParser.parseDocument(DocumentParser.java:78) ~[elasticsearch-5.5.3.jar:5.5.3]
	at org.elasticsearch.index.mapper.DocumentMapper.parse(DocumentMapper.java:277) ~[elasticsearch-5.5.3.jar:5.5.3]
	at org.elasticsearch.index.shard.IndexShard.prepareIndex(IndexShard.java:529) ~[elasticsearch-5.5.3.jar:5.5.3]
	at org.elasticsearch.index.shard.IndexShard.prepareIndexOnPrimary(IndexShard.java:506) ~[elasticsearch-5.5.3.jar:5.5.3]
	at org.elasticsearch.action.bulk.TransportShardBulkAction.prepareIndexOperationOnPrimary(TransportShardBulkAction.java:457) ~[elasticsearch-5.5.3.jar:5.5.3]
	at org.elasticsearch.action.bulk.TransportShardBulkAction.executeIndexRequestOnPrimary(TransportShardBulkAction.java:465) ~[elasticsearch-5.5.3.jar:5.5.3]
	at org.elasticsearch.action.bulk.TransportShardBulkAction.executeBulkItemRequest(TransportShardBulkAction.java:146) [elasticsearch-5.5.3.jar:5.5.3]
	at org.elasticsearch.action.bulk.TransportShardBulkAction.shardOperationOnPrimary(TransportShardBulkAction.java:115) [elasticsearch-5.5.3.jar:5.5.3]
	at org.elasticsearch.action.bulk.TransportShardBulkAction.shardOperationOnPrimary(TransportShardBulkAction.java:70) [elasticsearch-5.5.3.jar:5.5.3]
	at org.elasticsearch.action.support.replication.TransportReplicationAction$PrimaryShardReference.perform(TransportReplicationAction.java:939) [elasticsearch-5.5.3.jar:5.5.3]
	at org.elasticsearch.action.support.replication.TransportReplicationAction$PrimaryShardReference.perform(TransportReplicationAction.java:908) [elasticsearch-5.5.3.jar:5.5.3]
	at org.elasticsearch.action.support.replication.ReplicationOperation.execute(ReplicationOperation.java:113) [elasticsearch-5.5.3.jar:5.5.3]
	at org.elasticsearch.action.support.replication.TransportReplicationAction$AsyncPrimaryAction.onResponse(TransportReplicationAction.java:322) [elasticsearch-5.5.3.jar:5.5.3]
	at org.elasticsearch.action.support.replication.TransportReplicationAction$AsyncPrimaryAction.onResponse(TransportReplicationAction.java:264) [elasticsearch-5.5.3.jar:5.5.3]
	at org.elasticsearch.action.support.replication.TransportReplicationAction$1.onResponse(TransportReplicationAction.java:888) [elasticsearch-5.5.3.jar:5.5.3]
	at org.elasticsearch.action.support.replication.TransportReplicationAction$1.onResponse(TransportReplicationAction.java:885) [elasticsearch-5.5.3.jar:5.5.3]
	at org.elasticsearch.index.shard.IndexShardOperationsLock.acquire(IndexShardOperationsLock.java:151) [elasticsearch-5.5.3.jar:5.5.3]
	at org.elasticsearch.index.shard.IndexShard.acquirePrimaryOperationLock(IndexShard.java:1657) [elasticsearch-5.5.3.jar:5.5.3]
	at org.elasticsearch.action.support.replication.TransportReplicationAction.acquirePrimaryShardReference(TransportReplicationAction.java:897) [elasticsearch-5.5.3.jar:5.5.3]
	at org.elasticsearch.action.support.replication.TransportReplicationAction.access$400(TransportReplicationAction.java:93) [elasticsearch-5.5.3.jar:5.5.3]
	at org.elasticsearch.action.support.replication.TransportReplicationAction$AsyncPrimaryAction.doRun(TransportReplicationAction.java:281) [elasticsearch-5.5.3.jar:5.5.3]
	at org.elasticsearch.common.util.concurrent.AbstractRunnable.run(AbstractRunnable.java:37) [elasticsearch-5.5.3.jar:5.5.3]
	at org.elasticsearch.action.support.replication.TransportReplicationAction$PrimaryOperationTransportHandler.messageReceived(TransportReplicationAction.java:260) [elasticsearch-5.5.3.jar:5.5.3]
	at org.elasticsearch.action.support.replication.TransportReplicationAction$PrimaryOperationTransportHandler.messageReceived(TransportReplicationAction.java:252) [elasticsearch-5.5.3.jar:5.5.3]
	at org.elasticsearch.transport.RequestHandlerRegistry.processMessageReceived(RequestHandlerRegistry.java:69) [elasticsearch-5.5.3.jar:5.5.3]
	at org.elasticsearch.transport.TransportService$7.doRun(TransportService.java:644) [elasticsearch-5.5.3.jar:5.5.3]
	at org.elasticsearch.common.util.concurrent.ThreadContext$ContextPreservingAbstractRunnable.doRun(ThreadContext.java:638) [elasticsearch-5.5.3.jar:5.5.3]
	at org.elasticsearch.common.util.concurrent.AbstractRunnable.run(AbstractRunnable.java:37) [elasticsearch-5.5.3.jar:5.5.3]
	at java.util.concurrent.ThreadPoolExecutor.runWorker(ThreadPoolExecutor.java:1149) [?:1.8.0_171]
	at java.util.concurrent.ThreadPoolExecutor$Worker.run(ThreadPoolExecutor.java:624) [?:1.8.0_171]
	at java.lang.Thread.run(Thread.java:748) [?:1.8.0_171]
[2018-05-12T12:54:52,467][DEBUG][o.e.a.b.TransportShardBulkAction] [A_ygTsB] [halsetadindex][1] failed to execute bulk item (index) BulkShardRequest [[halsetadindex][1]] containing [5] requests
java.lang.IllegalArgumentException: mapper [metric.aggregate.halstead.operands.identifiers] of different type, current_type [long], merged_type [text]
	at org.elasticsearch.index.mapper.FieldMapper.doMerge(FieldMapper.java:347) ~[elasticsearch-5.5.3.jar:5.5.3]
	at org.elasticsearch.index.mapper.NumberFieldMapper.doMerge(NumberFieldMapper.java:1097) ~[elasticsearch-5.5.3.jar:5.5.3]
	at org.elasticsearch.index.mapper.FieldMapper.merge(FieldMapper.java:333) ~[elasticsearch-5.5.3.jar:5.5.3]
	at org.elasticsearch.index.mapper.FieldMapper.merge(FieldMapper.java:49) ~[elasticsearch-5.5.3.jar:5.5.3]
	at org.elasticsearch.index.mapper.DocumentParser.createDynamicUpdate(DocumentParser.java:210) ~[elasticsearch-5.5.3.jar:5.5.3]
	at org.elasticsearch.index.mapper.DocumentParser.parseDocument(DocumentParser.java:78) ~[elasticsearch-5.5.3.jar:5.5.3]
	at org.elasticsearch.index.mapper.DocumentMapper.parse(DocumentMapper.java:277) ~[elasticsearch-5.5.3.jar:5.5.3]
	at org.elasticsearch.index.shard.IndexShard.prepareIndex(IndexShard.java:529) ~[elasticsearch-5.5.3.jar:5.5.3]
	at org.elasticsearch.index.shard.IndexShard.prepareIndexOnPrimary(IndexShard.java:506) ~[elasticsearch-5.5.3.jar:5.5.3]
	at org.elasticsearch.action.bulk.TransportShardBulkAction.prepareIndexOperationOnPrimary(TransportShardBulkAction.java:457) ~[elasticsearch-5.5.3.jar:5.5.3]
	at org.elasticsearch.action.bulk.TransportShardBulkAction.executeIndexRequestOnPrimary(TransportShardBulkAction.java:465) ~[elasticsearch-5.5.3.jar:5.5.3]
	at org.elasticsearch.action.bulk.TransportShardBulkAction.executeBulkItemRequest(TransportShardBulkAction.java:146) [elasticsearch-5.5.3.jar:5.5.3]
	at org.elasticsearch.action.bulk.TransportShardBulkAction.shardOperationOnPrimary(TransportShardBulkAction.java:115) [elasticsearch-5.5.3.jar:5.5.3]
	at org.elasticsearch.action.bulk.TransportShardBulkAction.shardOperationOnPrimary(TransportShardBulkAction.java:70) [elasticsearch-5.5.3.jar:5.5.3]
	at org.elasticsearch.action.support.replication.TransportReplicationAction$PrimaryShardReference.perform(TransportReplicationAction.java:939) [elasticsearch-5.5.3.jar:5.5.3]
	at org.elasticsearch.action.support.replication.TransportReplicationAction$PrimaryShardReference.perform(TransportReplicationAction.java:908) [elasticsearch-5.5.3.jar:5.5.3]
	at org.elasticsearch.action.support.replication.ReplicationOperation.execute(ReplicationOperation.java:113) [elasticsearch-5.5.3.jar:5.5.3]
	at org.elasticsearch.action.support.replication.TransportReplicationAction$AsyncPrimaryAction.onResponse(TransportReplicationAction.java:322) [elasticsearch-5.5.3.jar:5.5.3]
	at org.elasticsearch.action.support.replication.TransportReplicationAction$AsyncPrimaryAction.onResponse(TransportReplicationAction.java:264) [elasticsearch-5.5.3.jar:5.5.3]
	at org.elasticsearch.action.support.replication.TransportReplicationAction$1.onResponse(TransportReplicationAction.java:888) [elasticsearch-5.5.3.jar:5.5.3]
	at org.elasticsearch.action.support.replication.TransportReplicationAction$1.onResponse(TransportReplicationAction.java:885) [elasticsearch-5.5.3.jar:5.5.3]
	at org.elasticsearch.index.shard.IndexShardOperationsLock.acquire(IndexShardOperationsLock.java:151) [elasticsearch-5.5.3.jar:5.5.3]
	at org.elasticsearch.index.shard.IndexShard.acquirePrimaryOperationLock(IndexShard.java:1657) [elasticsearch-5.5.3.jar:5.5.3]
	at org.elasticsearch.action.support.replication.TransportReplicationAction.acquirePrimaryShardReference(TransportReplicationAction.java:897) [elasticsearch-5.5.3.jar:5.5.3]
	at org.elasticsearch.action.support.replication.TransportReplicationAction.access$400(TransportReplicationAction.java:93) [elasticsearch-5.5.3.jar:5.5.3]
	at org.elasticsearch.action.support.replication.TransportReplicationAction$AsyncPrimaryAction.doRun(TransportReplicationAction.java:281) [elasticsearch-5.5.3.jar:5.5.3]
	at org.elasticsearch.common.util.concurrent.AbstractRunnable.run(AbstractRunnable.java:37) [elasticsearch-5.5.3.jar:5.5.3]
	at org.elasticsearch.action.support.replication.TransportReplicationAction$PrimaryOperationTransportHandler.messageReceived(TransportReplicationAction.java:260) [elasticsearch-5.5.3.jar:5.5.3]
	at org.elasticsearch.action.support.replication.TransportReplicationAction$PrimaryOperationTransportHandler.messageReceived(TransportReplicationAction.java:252) [elasticsearch-5.5.3.jar:5.5.3]
	at org.elasticsearch.transport.RequestHandlerRegistry.processMessageReceived(RequestHandlerRegistry.java:69) [elasticsearch-5.5.3.jar:5.5.3]
	at org.elasticsearch.transport.TransportService$7.doRun(TransportService.java:644) [elasticsearch-5.5.3.jar:5.5.3]
	at org.elasticsearch.common.util.concurrent.ThreadContext$ContextPreservingAbstractRunnable.doRun(ThreadContext.java:638) [elasticsearch-5.5.3.jar:5.5.3]
	at org.elasticsearch.common.util.concurrent.AbstractRunnable.run(AbstractRunnable.java:37) [elasticsearch-5.5.3.jar:5.5.3]
	at java.util.concurrent.ThreadPoolExecutor.runWorker(ThreadPoolExecutor.java:1149) [?:1.8.0_171]
	at java.util.concurrent.ThreadPoolExecutor$Worker.run(ThreadPoolExecutor.java:624) [?:1.8.0_171]
	at java.lang.Thread.run(Thread.java:748) [?:1.8.0_171]
[2018-05-12T12:54:52,500][DEBUG][o.e.a.b.TransportShardBulkAction] [A_ygTsB] [halsetadindex][4] failed to execute bulk item (index) BulkShardRequest [[halsetadindex][4]] containing [2] requests
java.lang.IllegalArgumentException: mapper [metric.aggregate.halstead.operands.identifiers] of different type, current_type [boolean], merged_type [text]
	at org.elasticsearch.index.mapper.FieldMapper.doMerge(FieldMapper.java:347) ~[elasticsearch-5.5.3.jar:5.5.3]
	at org.elasticsearch.index.mapper.FieldMapper.merge(FieldMapper.java:333) ~[elasticsearch-5.5.3.jar:5.5.3]
	at org.elasticsearch.index.mapper.FieldMapper.merge(FieldMapper.java:49) ~[elasticsearch-5.5.3.jar:5.5.3]
	at org.elasticsearch.index.mapper.DocumentParser.createDynamicUpdate(DocumentParser.java:210) ~[elasticsearch-5.5.3.jar:5.5.3]
	at org.elasticsearch.index.mapper.DocumentParser.parseDocument(DocumentParser.java:78) ~[elasticsearch-5.5.3.jar:5.5.3]
	at org.elasticsearch.index.mapper.DocumentMapper.parse(DocumentMapper.java:277) ~[elasticsearch-5.5.3.jar:5.5.3]
	at org.elasticsearch.index.shard.IndexShard.prepareIndex(IndexShard.java:529) ~[elasticsearch-5.5.3.jar:5.5.3]
	at org.elasticsearch.index.shard.IndexShard.prepareIndexOnPrimary(IndexShard.java:506) ~[elasticsearch-5.5.3.jar:5.5.3]
	at org.elasticsearch.action.bulk.TransportShardBulkAction.prepareIndexOperationOnPrimary(TransportShardBulkAction.java:457) ~[elasticsearch-5.5.3.jar:5.5.3]
	at org.elasticsearch.action.bulk.TransportShardBulkAction.executeIndexRequestOnPrimary(TransportShardBulkAction.java:465) ~[elasticsearch-5.5.3.jar:5.5.3]
	at org.elasticsearch.action.bulk.TransportShardBulkAction.executeBulkItemRequest(TransportShardBulkAction.java:146) [elasticsearch-5.5.3.jar:5.5.3]
	at org.elasticsearch.action.bulk.TransportShardBulkAction.shardOperationOnPrimary(TransportShardBulkAction.java:115) [elasticsearch-5.5.3.jar:5.5.3]
	at org.elasticsearch.action.bulk.TransportShardBulkAction.shardOperationOnPrimary(TransportShardBulkAction.java:70) [elasticsearch-5.5.3.jar:5.5.3]
	at org.elasticsearch.action.support.replication.TransportReplicationAction$PrimaryShardReference.perform(TransportReplicationAction.java:939) [elasticsearch-5.5.3.jar:5.5.3]
	at org.elasticsearch.action.support.replication.TransportReplicationAction$PrimaryShardReference.perform(TransportReplicationAction.java:908) [elasticsearch-5.5.3.jar:5.5.3]
	at org.elasticsearch.action.support.replication.ReplicationOperation.execute(ReplicationOperation.java:113) [elasticsearch-5.5.3.jar:5.5.3]
	at org.elasticsearch.action.support.replication.TransportReplicationAction$AsyncPrimaryAction.onResponse(TransportReplicationAction.java:322) [elasticsearch-5.5.3.jar:5.5.3]
	at org.elasticsearch.action.support.replication.TransportReplicationAction$AsyncPrimaryAction.onResponse(TransportReplicationAction.java:264) [elasticsearch-5.5.3.jar:5.5.3]
	at org.elasticsearch.action.support.replication.TransportReplicationAction$1.onResponse(TransportReplicationAction.java:888) [elasticsearch-5.5.3.jar:5.5.3]
	at org.elasticsearch.action.support.replication.TransportReplicationAction$1.onResponse(TransportReplicationAction.java:885) [elasticsearch-5.5.3.jar:5.5.3]
	at org.elasticsearch.index.shard.IndexShardOperationsLock.acquire(IndexShardOperationsLock.java:151) [elasticsearch-5.5.3.jar:5.5.3]
	at org.elasticsearch.index.shard.IndexShard.acquirePrimaryOperationLock(IndexShard.java:1657) [elasticsearch-5.5.3.jar:5.5.3]
	at org.elasticsearch.action.support.replication.TransportReplicationAction.acquirePrimaryShardReference(TransportReplicationAction.java:897) [elasticsearch-5.5.3.jar:5.5.3]
	at org.elasticsearch.action.support.replication.TransportReplicationAction.access$400(TransportReplicationAction.java:93) [elasticsearch-5.5.3.jar:5.5.3]
	at org.elasticsearch.action.support.replication.TransportReplicationAction$AsyncPrimaryAction.doRun(TransportReplicationAction.java:281) [elasticsearch-5.5.3.jar:5.5.3]
	at org.elasticsearch.common.util.concurrent.AbstractRunnable.run(AbstractRunnable.java:37) [elasticsearch-5.5.3.jar:5.5.3]
	at org.elasticsearch.action.support.replication.TransportReplicationAction$PrimaryOperationTransportHandler.messageReceived(TransportReplicationAction.java:260) [elasticsearch-5.5.3.jar:5.5.3]
	at org.elasticsearch.action.support.replication.TransportReplicationAction$PrimaryOperationTransportHandler.messageReceived(TransportReplicationAction.java:252) [elasticsearch-5.5.3.jar:5.5.3]
	at org.elasticsearch.transport.RequestHandlerRegistry.processMessageReceived(RequestHandlerRegistry.java:69) [elasticsearch-5.5.3.jar:5.5.3]
	at org.elasticsearch.transport.TransportService$7.doRun(TransportService.java:644) [elasticsearch-5.5.3.jar:5.5.3]
	at org.elasticsearch.common.util.concurrent.ThreadContext$ContextPreservingAbstractRunnable.doRun(ThreadContext.java:638) [elasticsearch-5.5.3.jar:5.5.3]
	at org.elasticsearch.common.util.concurrent.AbstractRunnable.run(AbstractRunnable.java:37) [elasticsearch-5.5.3.jar:5.5.3]
	at java.util.concurrent.ThreadPoolExecutor.runWorker(ThreadPoolExecutor.java:1149) [?:1.8.0_171]
	at java.util.concurrent.ThreadPoolExecutor$Worker.run(ThreadPoolExecutor.java:624) [?:1.8.0_171]
	at java.lang.Thread.run(Thread.java:748) [?:1.8.0_171]
[2018-05-12T12:54:52,538][DEBUG][o.e.a.b.TransportShardBulkAction] [A_ygTsB] [halsetadindex][1] failed to execute bulk item (index) BulkShardRequest [[halsetadindex][1]] containing [5] requests
java.lang.IllegalArgumentException: mapper [metric.aggregate.halstead.operands.identifiers] of different type, current_type [long], merged_type [text]
	at org.elasticsearch.index.mapper.FieldMapper.doMerge(FieldMapper.java:347) ~[elasticsearch-5.5.3.jar:5.5.3]
	at org.elasticsearch.index.mapper.NumberFieldMapper.doMerge(NumberFieldMapper.java:1097) ~[elasticsearch-5.5.3.jar:5.5.3]
	at org.elasticsearch.index.mapper.FieldMapper.merge(FieldMapper.java:333) ~[elasticsearch-5.5.3.jar:5.5.3]
	at org.elasticsearch.index.mapper.FieldMapper.merge(FieldMapper.java:49) ~[elasticsearch-5.5.3.jar:5.5.3]
	at org.elasticsearch.index.mapper.DocumentParser.createDynamicUpdate(DocumentParser.java:210) ~[elasticsearch-5.5.3.jar:5.5.3]
	at org.elasticsearch.index.mapper.DocumentParser.parseDocument(DocumentParser.java:78) ~[elasticsearch-5.5.3.jar:5.5.3]
	at org.elasticsearch.index.mapper.DocumentMapper.parse(DocumentMapper.java:277) ~[elasticsearch-5.5.3.jar:5.5.3]
	at org.elasticsearch.index.shard.IndexShard.prepareIndex(IndexShard.java:529) ~[elasticsearch-5.5.3.jar:5.5.3]
	at org.elasticsearch.index.shard.IndexShard.prepareIndexOnPrimary(IndexShard.java:506) ~[elasticsearch-5.5.3.jar:5.5.3]
	at org.elasticsearch.action.bulk.TransportShardBulkAction.prepareIndexOperationOnPrimary(TransportShardBulkAction.java:457) ~[elasticsearch-5.5.3.jar:5.5.3]
	at org.elasticsearch.action.bulk.TransportShardBulkAction.executeIndexRequestOnPrimary(TransportShardBulkAction.java:465) ~[elasticsearch-5.5.3.jar:5.5.3]
	at org.elasticsearch.action.bulk.TransportShardBulkAction.executeBulkItemRequest(TransportShardBulkAction.java:146) [elasticsearch-5.5.3.jar:5.5.3]
	at org.elasticsearch.action.bulk.TransportShardBulkAction.shardOperationOnPrimary(TransportShardBulkAction.java:115) [elasticsearch-5.5.3.jar:5.5.3]
	at org.elasticsearch.action.bulk.TransportShardBulkAction.shardOperationOnPrimary(TransportShardBulkAction.java:70) [elasticsearch-5.5.3.jar:5.5.3]
	at org.elasticsearch.action.support.replication.TransportReplicationAction$PrimaryShardReference.perform(TransportReplicationAction.java:939) [elasticsearch-5.5.3.jar:5.5.3]
	at org.elasticsearch.action.support.replication.TransportReplicationAction$PrimaryShardReference.perform(TransportReplicationAction.java:908) [elasticsearch-5.5.3.jar:5.5.3]
	at org.elasticsearch.action.support.replication.ReplicationOperation.execute(ReplicationOperation.java:113) [elasticsearch-5.5.3.jar:5.5.3]
	at org.elasticsearch.action.support.replication.TransportReplicationAction$AsyncPrimaryAction.onResponse(TransportReplicationAction.java:322) [elasticsearch-5.5.3.jar:5.5.3]
	at org.elasticsearch.action.support.replication.TransportReplicationAction$AsyncPrimaryAction.onResponse(TransportReplicationAction.java:264) [elasticsearch-5.5.3.jar:5.5.3]
	at org.elasticsearch.action.support.replication.TransportReplicationAction$1.onResponse(TransportReplicationAction.java:888) [elasticsearch-5.5.3.jar:5.5.3]
	at org.elasticsearch.action.support.replication.TransportReplicationAction$1.onResponse(TransportReplicationAction.java:885) [elasticsearch-5.5.3.jar:5.5.3]
	at org.elasticsearch.index.shard.IndexShardOperationsLock.acquire(IndexShardOperationsLock.java:151) [elasticsearch-5.5.3.jar:5.5.3]
	at org.elasticsearch.index.shard.IndexShard.acquirePrimaryOperationLock(IndexShard.java:1657) [elasticsearch-5.5.3.jar:5.5.3]
	at org.elasticsearch.action.support.replication.TransportReplicationAction.acquirePrimaryShardReference(TransportReplicationAction.java:897) [elasticsearch-5.5.3.jar:5.5.3]
	at org.elasticsearch.action.support.replication.TransportReplicationAction.access$400(TransportReplicationAction.java:93) [elasticsearch-5.5.3.jar:5.5.3]
	at org.elasticsearch.action.support.replication.TransportReplicationAction$AsyncPrimaryAction.doRun(TransportReplicationAction.java:281) [elasticsearch-5.5.3.jar:5.5.3]
	at org.elasticsearch.common.util.concurrent.AbstractRunnable.run(AbstractRunnable.java:37) [elasticsearch-5.5.3.jar:5.5.3]
	at org.elasticsearch.action.support.replication.TransportReplicationAction$PrimaryOperationTransportHandler.messageReceived(TransportReplicationAction.java:260) [elasticsearch-5.5.3.jar:5.5.3]
	at org.elasticsearch.action.support.replication.TransportReplicationAction$PrimaryOperationTransportHandler.messageReceived(TransportReplicationAction.java:252) [elasticsearch-5.5.3.jar:5.5.3]
	at org.elasticsearch.transport.RequestHandlerRegistry.processMessageReceived(RequestHandlerRegistry.java:69) [elasticsearch-5.5.3.jar:5.5.3]
	at org.elasticsearch.transport.TransportService$7.doRun(TransportService.java:644) [elasticsearch-5.5.3.jar:5.5.3]
	at org.elasticsearch.common.util.concurrent.ThreadContext$ContextPreservingAbstractRunnable.doRun(ThreadContext.java:638) [elasticsearch-5.5.3.jar:5.5.3]
	at org.elasticsearch.common.util.concurrent.AbstractRunnable.run(AbstractRunnable.java:37) [elasticsearch-5.5.3.jar:5.5.3]
	at java.util.concurrent.ThreadPoolExecutor.runWorker(ThreadPoolExecutor.java:1149) [?:1.8.0_171]
	at java.util.concurrent.ThreadPoolExecutor$Worker.run(ThreadPoolExecutor.java:624) [?:1.8.0_171]
	at java.lang.Thread.run(Thread.java:748) [?:1.8.0_171]
[2018-05-12T12:54:52,551][DEBUG][o.e.a.b.TransportShardBulkAction] [A_ygTsB] [halsetadindex][1] failed to execute bulk item (index) BulkShardRequest [[halsetadindex][1]] containing [5] requests
java.lang.IllegalArgumentException: mapper [metric.aggregate.halstead.operands.identifiers] of different type, current_type [long], merged_type [text]
	at org.elasticsearch.index.mapper.FieldMapper.doMerge(FieldMapper.java:347) ~[elasticsearch-5.5.3.jar:5.5.3]
	at org.elasticsearch.index.mapper.NumberFieldMapper.doMerge(NumberFieldMapper.java:1097) ~[elasticsearch-5.5.3.jar:5.5.3]
	at org.elasticsearch.index.mapper.FieldMapper.merge(FieldMapper.java:333) ~[elasticsearch-5.5.3.jar:5.5.3]
	at org.elasticsearch.index.mapper.FieldMapper.merge(FieldMapper.java:49) ~[elasticsearch-5.5.3.jar:5.5.3]
	at org.elasticsearch.index.mapper.DocumentParser.createDynamicUpdate(DocumentParser.java:210) ~[elasticsearch-5.5.3.jar:5.5.3]
	at org.elasticsearch.index.mapper.DocumentParser.parseDocument(DocumentParser.java:78) ~[elasticsearch-5.5.3.jar:5.5.3]
	at org.elasticsearch.index.mapper.DocumentMapper.parse(DocumentMapper.java:277) ~[elasticsearch-5.5.3.jar:5.5.3]
	at org.elasticsearch.index.shard.IndexShard.prepareIndex(IndexShard.java:529) ~[elasticsearch-5.5.3.jar:5.5.3]
	at org.elasticsearch.index.shard.IndexShard.prepareIndexOnPrimary(IndexShard.java:506) ~[elasticsearch-5.5.3.jar:5.5.3]
	at org.elasticsearch.action.bulk.TransportShardBulkAction.prepareIndexOperationOnPrimary(TransportShardBulkAction.java:457) ~[elasticsearch-5.5.3.jar:5.5.3]
	at org.elasticsearch.action.bulk.TransportShardBulkAction.executeIndexRequestOnPrimary(TransportShardBulkAction.java:465) ~[elasticsearch-5.5.3.jar:5.5.3]
	at org.elasticsearch.action.bulk.TransportShardBulkAction.executeBulkItemRequest(TransportShardBulkAction.java:146) [elasticsearch-5.5.3.jar:5.5.3]
	at org.elasticsearch.action.bulk.TransportShardBulkAction.shardOperationOnPrimary(TransportShardBulkAction.java:115) [elasticsearch-5.5.3.jar:5.5.3]
	at org.elasticsearch.action.bulk.TransportShardBulkAction.shardOperationOnPrimary(TransportShardBulkAction.java:70) [elasticsearch-5.5.3.jar:5.5.3]
	at org.elasticsearch.action.support.replication.TransportReplicationAction$PrimaryShardReference.perform(TransportReplicationAction.java:939) [elasticsearch-5.5.3.jar:5.5.3]
	at org.elasticsearch.action.support.replication.TransportReplicationAction$PrimaryShardReference.perform(TransportReplicationAction.java:908) [elasticsearch-5.5.3.jar:5.5.3]
	at org.elasticsearch.action.support.replication.ReplicationOperation.execute(ReplicationOperation.java:113) [elasticsearch-5.5.3.jar:5.5.3]
	at org.elasticsearch.action.support.replication.TransportReplicationAction$AsyncPrimaryAction.onResponse(TransportReplicationAction.java:322) [elasticsearch-5.5.3.jar:5.5.3]
	at org.elasticsearch.action.support.replication.TransportReplicationAction$AsyncPrimaryAction.onResponse(TransportReplicationAction.java:264) [elasticsearch-5.5.3.jar:5.5.3]
	at org.elasticsearch.action.support.replication.TransportReplicationAction$1.onResponse(TransportReplicationAction.java:888) [elasticsearch-5.5.3.jar:5.5.3]
	at org.elasticsearch.action.support.replication.TransportReplicationAction$1.onResponse(TransportReplicationAction.java:885) [elasticsearch-5.5.3.jar:5.5.3]
	at org.elasticsearch.index.shard.IndexShardOperationsLock.acquire(IndexShardOperationsLock.java:151) [elasticsearch-5.5.3.jar:5.5.3]
	at org.elasticsearch.index.shard.IndexShard.acquirePrimaryOperationLock(IndexShard.java:1657) [elasticsearch-5.5.3.jar:5.5.3]
	at org.elasticsearch.action.support.replication.TransportReplicationAction.acquirePrimaryShardReference(TransportReplicationAction.java:897) [elasticsearch-5.5.3.jar:5.5.3]
	at org.elasticsearch.action.support.replication.TransportReplicationAction.access$400(TransportReplicationAction.java:93) [elasticsearch-5.5.3.jar:5.5.3]
	at org.elasticsearch.action.support.replication.TransportReplicationAction$AsyncPrimaryAction.doRun(TransportReplicationAction.java:281) [elasticsearch-5.5.3.jar:5.5.3]
	at org.elasticsearch.common.util.concurrent.AbstractRunnable.run(AbstractRunnable.java:37) [elasticsearch-5.5.3.jar:5.5.3]
	at org.elasticsearch.action.support.replication.TransportReplicationAction$PrimaryOperationTransportHandler.messageReceived(TransportReplicationAction.java:260) [elasticsearch-5.5.3.jar:5.5.3]
	at org.elasticsearch.action.support.replication.TransportReplicationAction$PrimaryOperationTransportHandler.messageReceived(TransportReplicationAction.java:252) [elasticsearch-5.5.3.jar:5.5.3]
	at org.elasticsearch.transport.RequestHandlerRegistry.processMessageReceived(RequestHandlerRegistry.java:69) [elasticsearch-5.5.3.jar:5.5.3]
	at org.elasticsearch.transport.TransportService$7.doRun(TransportService.java:644) [elasticsearch-5.5.3.jar:5.5.3]
	at org.elasticsearch.common.util.concurrent.ThreadContext$ContextPreservingAbstractRunnable.doRun(ThreadContext.java:638) [elasticsearch-5.5.3.jar:5.5.3]
	at org.elasticsearch.common.util.concurrent.AbstractRunnable.run(AbstractRunnable.java:37) [elasticsearch-5.5.3.jar:5.5.3]
	at java.util.concurrent.ThreadPoolExecutor.runWorker(ThreadPoolExecutor.java:1149) [?:1.8.0_171]
	at java.util.concurrent.ThreadPoolExecutor$Worker.run(ThreadPoolExecutor.java:624) [?:1.8.0_171]
	at java.lang.Thread.run(Thread.java:748) [?:1.8.0_171]
[2018-05-12T12:54:52,563][DEBUG][o.e.a.b.TransportShardBulkAction] [A_ygTsB] [halsetadindex][3] failed to execute bulk item (index) BulkShardRequest [[halsetadindex][3]] containing [2] requests
java.lang.IllegalArgumentException: mapper [metric.aggregate.halstead.operands.identifiers] of different type, current_type [boolean], merged_type [text]
	at org.elasticsearch.index.mapper.FieldMapper.doMerge(FieldMapper.java:347) ~[elasticsearch-5.5.3.jar:5.5.3]
	at org.elasticsearch.index.mapper.FieldMapper.merge(FieldMapper.java:333) ~[elasticsearch-5.5.3.jar:5.5.3]
	at org.elasticsearch.index.mapper.FieldMapper.merge(FieldMapper.java:49) ~[elasticsearch-5.5.3.jar:5.5.3]
	at org.elasticsearch.index.mapper.DocumentParser.createDynamicUpdate(DocumentParser.java:210) ~[elasticsearch-5.5.3.jar:5.5.3]
	at org.elasticsearch.index.mapper.DocumentParser.parseDocument(DocumentParser.java:78) ~[elasticsearch-5.5.3.jar:5.5.3]
	at org.elasticsearch.index.mapper.DocumentMapper.parse(DocumentMapper.java:277) ~[elasticsearch-5.5.3.jar:5.5.3]
	at org.elasticsearch.index.shard.IndexShard.prepareIndex(IndexShard.java:529) ~[elasticsearch-5.5.3.jar:5.5.3]
	at org.elasticsearch.index.shard.IndexShard.prepareIndexOnPrimary(IndexShard.java:506) ~[elasticsearch-5.5.3.jar:5.5.3]
	at org.elasticsearch.action.bulk.TransportShardBulkAction.prepareIndexOperationOnPrimary(TransportShardBulkAction.java:457) ~[elasticsearch-5.5.3.jar:5.5.3]
	at org.elasticsearch.action.bulk.TransportShardBulkAction.executeIndexRequestOnPrimary(TransportShardBulkAction.java:465) ~[elasticsearch-5.5.3.jar:5.5.3]
	at org.elasticsearch.action.bulk.TransportShardBulkAction.executeBulkItemRequest(TransportShardBulkAction.java:146) [elasticsearch-5.5.3.jar:5.5.3]
	at org.elasticsearch.action.bulk.TransportShardBulkAction.shardOperationOnPrimary(TransportShardBulkAction.java:115) [elasticsearch-5.5.3.jar:5.5.3]
	at org.elasticsearch.action.bulk.TransportShardBulkAction.shardOperationOnPrimary(TransportShardBulkAction.java:70) [elasticsearch-5.5.3.jar:5.5.3]
	at org.elasticsearch.action.support.replication.TransportReplicationAction$PrimaryShardReference.perform(TransportReplicationAction.java:939) [elasticsearch-5.5.3.jar:5.5.3]
	at org.elasticsearch.action.support.replication.TransportReplicationAction$PrimaryShardReference.perform(TransportReplicationAction.java:908) [elasticsearch-5.5.3.jar:5.5.3]
	at org.elasticsearch.action.support.replication.ReplicationOperation.execute(ReplicationOperation.java:113) [elasticsearch-5.5.3.jar:5.5.3]
	at org.elasticsearch.action.support.replication.TransportReplicationAction$AsyncPrimaryAction.onResponse(TransportReplicationAction.java:322) [elasticsearch-5.5.3.jar:5.5.3]
	at org.elasticsearch.action.support.replication.TransportReplicationAction$AsyncPrimaryAction.onResponse(TransportReplicationAction.java:264) [elasticsearch-5.5.3.jar:5.5.3]
	at org.elasticsearch.action.support.replication.TransportReplicationAction$1.onResponse(TransportReplicationAction.java:888) [elasticsearch-5.5.3.jar:5.5.3]
	at org.elasticsearch.action.support.replication.TransportReplicationAction$1.onResponse(TransportReplicationAction.java:885) [elasticsearch-5.5.3.jar:5.5.3]
	at org.elasticsearch.index.shard.IndexShardOperationsLock.acquire(IndexShardOperationsLock.java:151) [elasticsearch-5.5.3.jar:5.5.3]
	at org.elasticsearch.index.shard.IndexShard.acquirePrimaryOperationLock(IndexShard.java:1657) [elasticsearch-5.5.3.jar:5.5.3]
	at org.elasticsearch.action.support.replication.TransportReplicationAction.acquirePrimaryShardReference(TransportReplicationAction.java:897) [elasticsearch-5.5.3.jar:5.5.3]
	at org.elasticsearch.action.support.replication.TransportReplicationAction.access$400(TransportReplicationAction.java:93) [elasticsearch-5.5.3.jar:5.5.3]
	at org.elasticsearch.action.support.replication.TransportReplicationAction$AsyncPrimaryAction.doRun(TransportReplicationAction.java:281) [elasticsearch-5.5.3.jar:5.5.3]
	at org.elasticsearch.common.util.concurrent.AbstractRunnable.run(AbstractRunnable.java:37) [elasticsearch-5.5.3.jar:5.5.3]
	at org.elasticsearch.action.support.replication.TransportReplicationAction$PrimaryOperationTransportHandler.messageReceived(TransportReplicationAction.java:260) [elasticsearch-5.5.3.jar:5.5.3]
	at org.elasticsearch.action.support.replication.TransportReplicationAction$PrimaryOperationTransportHandler.messageReceived(TransportReplicationAction.java:252) [elasticsearch-5.5.3.jar:5.5.3]
	at org.elasticsearch.transport.RequestHandlerRegistry.processMessageReceived(RequestHandlerRegistry.java:69) [elasticsearch-5.5.3.jar:5.5.3]
	at org.elasticsearch.transport.TransportService$7.doRun(TransportService.java:644) [elasticsearch-5.5.3.jar:5.5.3]
	at org.elasticsearch.common.util.concurrent.ThreadContext$ContextPreservingAbstractRunnable.doRun(ThreadContext.java:638) [elasticsearch-5.5.3.jar:5.5.3]
	at org.elasticsearch.common.util.concurrent.AbstractRunnable.run(AbstractRunnable.java:37) [elasticsearch-5.5.3.jar:5.5.3]
	at java.util.concurrent.ThreadPoolExecutor.runWorker(ThreadPoolExecutor.java:1149) [?:1.8.0_171]
	at java.util.concurrent.ThreadPoolExecutor$Worker.run(ThreadPoolExecutor.java:624) [?:1.8.0_171]
	at java.lang.Thread.run(Thread.java:748) [?:1.8.0_171]
[2018-05-12T12:54:52,582][DEBUG][o.e.a.b.TransportShardBulkAction] [A_ygTsB] [halsetadindex][2] failed to execute bulk item (index) BulkShardRequest [[halsetadindex][2]] containing [3] requests
java.lang.IllegalArgumentException: mapper [metric.aggregate.halstead.operands.identifiers] of different type, current_type [long], merged_type [text]
	at org.elasticsearch.index.mapper.FieldMapper.doMerge(FieldMapper.java:347) ~[elasticsearch-5.5.3.jar:5.5.3]
	at org.elasticsearch.index.mapper.NumberFieldMapper.doMerge(NumberFieldMapper.java:1097) ~[elasticsearch-5.5.3.jar:5.5.3]
	at org.elasticsearch.index.mapper.FieldMapper.merge(FieldMapper.java:333) ~[elasticsearch-5.5.3.jar:5.5.3]
	at org.elasticsearch.index.mapper.FieldMapper.merge(FieldMapper.java:49) ~[elasticsearch-5.5.3.jar:5.5.3]
	at org.elasticsearch.index.mapper.DocumentParser.createDynamicUpdate(DocumentParser.java:210) ~[elasticsearch-5.5.3.jar:5.5.3]
	at org.elasticsearch.index.mapper.DocumentParser.parseDocument(DocumentParser.java:78) ~[elasticsearch-5.5.3.jar:5.5.3]
	at org.elasticsearch.index.mapper.DocumentMapper.parse(DocumentMapper.java:277) ~[elasticsearch-5.5.3.jar:5.5.3]
	at org.elasticsearch.index.shard.IndexShard.prepareIndex(IndexShard.java:529) ~[elasticsearch-5.5.3.jar:5.5.3]
	at org.elasticsearch.index.shard.IndexShard.prepareIndexOnPrimary(IndexShard.java:506) ~[elasticsearch-5.5.3.jar:5.5.3]
	at org.elasticsearch.action.bulk.TransportShardBulkAction.prepareIndexOperationOnPrimary(TransportShardBulkAction.java:457) ~[elasticsearch-5.5.3.jar:5.5.3]
	at org.elasticsearch.action.bulk.TransportShardBulkAction.executeIndexRequestOnPrimary(TransportShardBulkAction.java:465) ~[elasticsearch-5.5.3.jar:5.5.3]
	at org.elasticsearch.action.bulk.TransportShardBulkAction.executeBulkItemRequest(TransportShardBulkAction.java:146) [elasticsearch-5.5.3.jar:5.5.3]
	at org.elasticsearch.action.bulk.TransportShardBulkAction.shardOperationOnPrimary(TransportShardBulkAction.java:115) [elasticsearch-5.5.3.jar:5.5.3]
	at org.elasticsearch.action.bulk.TransportShardBulkAction.shardOperationOnPrimary(TransportShardBulkAction.java:70) [elasticsearch-5.5.3.jar:5.5.3]
	at org.elasticsearch.action.support.replication.TransportReplicationAction$PrimaryShardReference.perform(TransportReplicationAction.java:939) [elasticsearch-5.5.3.jar:5.5.3]
	at org.elasticsearch.action.support.replication.TransportReplicationAction$PrimaryShardReference.perform(TransportReplicationAction.java:908) [elasticsearch-5.5.3.jar:5.5.3]
	at org.elasticsearch.action.support.replication.ReplicationOperation.execute(ReplicationOperation.java:113) [elasticsearch-5.5.3.jar:5.5.3]
	at org.elasticsearch.action.support.replication.TransportReplicationAction$AsyncPrimaryAction.onResponse(TransportReplicationAction.java:322) [elasticsearch-5.5.3.jar:5.5.3]
	at org.elasticsearch.action.support.replication.TransportReplicationAction$AsyncPrimaryAction.onResponse(TransportReplicationAction.java:264) [elasticsearch-5.5.3.jar:5.5.3]
	at org.elasticsearch.action.support.replication.TransportReplicationAction$1.onResponse(TransportReplicationAction.java:888) [elasticsearch-5.5.3.jar:5.5.3]
	at org.elasticsearch.action.support.replication.TransportReplicationAction$1.onResponse(TransportReplicationAction.java:885) [elasticsearch-5.5.3.jar:5.5.3]
	at org.elasticsearch.index.shard.IndexShardOperationsLock.acquire(IndexShardOperationsLock.java:151) [elasticsearch-5.5.3.jar:5.5.3]
	at org.elasticsearch.index.shard.IndexShard.acquirePrimaryOperationLock(IndexShard.java:1657) [elasticsearch-5.5.3.jar:5.5.3]
	at org.elasticsearch.action.support.replication.TransportReplicationAction.acquirePrimaryShardReference(TransportReplicationAction.java:897) [elasticsearch-5.5.3.jar:5.5.3]
	at org.elasticsearch.action.support.replication.TransportReplicationAction.access$400(TransportReplicationAction.java:93) [elasticsearch-5.5.3.jar:5.5.3]
	at org.elasticsearch.action.support.replication.TransportReplicationAction$AsyncPrimaryAction.doRun(TransportReplicationAction.java:281) [elasticsearch-5.5.3.jar:5.5.3]
	at org.elasticsearch.common.util.concurrent.AbstractRunnable.run(AbstractRunnable.java:37) [elasticsearch-5.5.3.jar:5.5.3]
	at org.elasticsearch.action.support.replication.TransportReplicationAction$PrimaryOperationTransportHandler.messageReceived(TransportReplicationAction.java:260) [elasticsearch-5.5.3.jar:5.5.3]
	at org.elasticsearch.action.support.replication.TransportReplicationAction$PrimaryOperationTransportHandler.messageReceived(TransportReplicationAction.java:252) [elasticsearch-5.5.3.jar:5.5.3]
	at org.elasticsearch.transport.RequestHandlerRegistry.processMessageReceived(RequestHandlerRegistry.java:69) [elasticsearch-5.5.3.jar:5.5.3]
	at org.elasticsearch.transport.TransportService$7.doRun(TransportService.java:644) [elasticsearch-5.5.3.jar:5.5.3]
	at org.elasticsearch.common.util.concurrent.ThreadContext$ContextPreservingAbstractRunnable.doRun(ThreadContext.java:638) [elasticsearch-5.5.3.jar:5.5.3]
	at org.elasticsearch.common.util.concurrent.AbstractRunnable.run(AbstractRunnable.java:37) [elasticsearch-5.5.3.jar:5.5.3]
	at java.util.concurrent.ThreadPoolExecutor.runWorker(ThreadPoolExecutor.java:1149) [?:1.8.0_171]
	at java.util.concurrent.ThreadPoolExecutor$Worker.run(ThreadPoolExecutor.java:624) [?:1.8.0_171]
	at java.lang.Thread.run(Thread.java:748) [?:1.8.0_171]
[2018-05-12T12:54:52,589][DEBUG][o.e.a.b.TransportShardBulkAction] [A_ygTsB] [halsetadindex][1] failed to execute bulk item (index) BulkShardRequest [[halsetadindex][1]] containing [5] requests
java.lang.IllegalArgumentException: mapper [metric.aggregate.halstead.operands.identifiers] of different type, current_type [long], merged_type [text]
	at org.elasticsearch.index.mapper.FieldMapper.doMerge(FieldMapper.java:347) ~[elasticsearch-5.5.3.jar:5.5.3]
	at org.elasticsearch.index.mapper.NumberFieldMapper.doMerge(NumberFieldMapper.java:1097) ~[elasticsearch-5.5.3.jar:5.5.3]
	at org.elasticsearch.index.mapper.FieldMapper.merge(FieldMapper.java:333) ~[elasticsearch-5.5.3.jar:5.5.3]
	at org.elasticsearch.index.mapper.FieldMapper.merge(FieldMapper.java:49) ~[elasticsearch-5.5.3.jar:5.5.3]
	at org.elasticsearch.index.mapper.DocumentParser.createDynamicUpdate(DocumentParser.java:210) ~[elasticsearch-5.5.3.jar:5.5.3]
	at org.elasticsearch.index.mapper.DocumentParser.parseDocument(DocumentParser.java:78) ~[elasticsearch-5.5.3.jar:5.5.3]
	at org.elasticsearch.index.mapper.DocumentMapper.parse(DocumentMapper.java:277) ~[elasticsearch-5.5.3.jar:5.5.3]
	at org.elasticsearch.index.shard.IndexShard.prepareIndex(IndexShard.java:529) ~[elasticsearch-5.5.3.jar:5.5.3]
	at org.elasticsearch.index.shard.IndexShard.prepareIndexOnPrimary(IndexShard.java:506) ~[elasticsearch-5.5.3.jar:5.5.3]
	at org.elasticsearch.action.bulk.TransportShardBulkAction.prepareIndexOperationOnPrimary(TransportShardBulkAction.java:457) ~[elasticsearch-5.5.3.jar:5.5.3]
	at org.elasticsearch.action.bulk.TransportShardBulkAction.executeIndexRequestOnPrimary(TransportShardBulkAction.java:465) ~[elasticsearch-5.5.3.jar:5.5.3]
	at org.elasticsearch.action.bulk.TransportShardBulkAction.executeBulkItemRequest(TransportShardBulkAction.java:146) [elasticsearch-5.5.3.jar:5.5.3]
	at org.elasticsearch.action.bulk.TransportShardBulkAction.shardOperationOnPrimary(TransportShardBulkAction.java:115) [elasticsearch-5.5.3.jar:5.5.3]
	at org.elasticsearch.action.bulk.TransportShardBulkAction.shardOperationOnPrimary(TransportShardBulkAction.java:70) [elasticsearch-5.5.3.jar:5.5.3]
	at org.elasticsearch.action.support.replication.TransportReplicationAction$PrimaryShardReference.perform(TransportReplicationAction.java:939) [elasticsearch-5.5.3.jar:5.5.3]
	at org.elasticsearch.action.support.replication.TransportReplicationAction$PrimaryShardReference.perform(TransportReplicationAction.java:908) [elasticsearch-5.5.3.jar:5.5.3]
	at org.elasticsearch.action.support.replication.ReplicationOperation.execute(ReplicationOperation.java:113) [elasticsearch-5.5.3.jar:5.5.3]
	at org.elasticsearch.action.support.replication.TransportReplicationAction$AsyncPrimaryAction.onResponse(TransportReplicationAction.java:322) [elasticsearch-5.5.3.jar:5.5.3]
	at org.elasticsearch.action.support.replication.TransportReplicationAction$AsyncPrimaryAction.onResponse(TransportReplicationAction.java:264) [elasticsearch-5.5.3.jar:5.5.3]
	at org.elasticsearch.action.support.replication.TransportReplicationAction$1.onResponse(TransportReplicationAction.java:888) [elasticsearch-5.5.3.jar:5.5.3]
	at org.elasticsearch.action.support.replication.TransportReplicationAction$1.onResponse(TransportReplicationAction.java:885) [elasticsearch-5.5.3.jar:5.5.3]
	at org.elasticsearch.index.shard.IndexShardOperationsLock.acquire(IndexShardOperationsLock.java:151) [elasticsearch-5.5.3.jar:5.5.3]
	at org.elasticsearch.index.shard.IndexShard.acquirePrimaryOperationLock(IndexShard.java:1657) [elasticsearch-5.5.3.jar:5.5.3]
	at org.elasticsearch.action.support.replication.TransportReplicationAction.acquirePrimaryShardReference(TransportReplicationAction.java:897) [elasticsearch-5.5.3.jar:5.5.3]
	at org.elasticsearch.action.support.replication.TransportReplicationAction.access$400(TransportReplicationAction.java:93) [elasticsearch-5.5.3.jar:5.5.3]
	at org.elasticsearch.action.support.replication.TransportReplicationAction$AsyncPrimaryAction.doRun(TransportReplicationAction.java:281) [elasticsearch-5.5.3.jar:5.5.3]
	at org.elasticsearch.common.util.concurrent.AbstractRunnable.run(AbstractRunnable.java:37) [elasticsearch-5.5.3.jar:5.5.3]
	at org.elasticsearch.action.support.replication.TransportReplicationAction$PrimaryOperationTransportHandler.messageReceived(TransportReplicationAction.java:260) [elasticsearch-5.5.3.jar:5.5.3]
	at org.elasticsearch.action.support.replication.TransportReplicationAction$PrimaryOperationTransportHandler.messageReceived(TransportReplicationAction.java:252) [elasticsearch-5.5.3.jar:5.5.3]
	at org.elasticsearch.transport.RequestHandlerRegistry.processMessageReceived(RequestHandlerRegistry.java:69) [elasticsearch-5.5.3.jar:5.5.3]
	at org.elasticsearch.transport.TransportService$7.doRun(TransportService.java:644) [elasticsearch-5.5.3.jar:5.5.3]
	at org.elasticsearch.common.util.concurrent.ThreadContext$ContextPreservingAbstractRunnable.doRun(ThreadContext.java:638) [elasticsearch-5.5.3.jar:5.5.3]
	at org.elasticsearch.common.util.concurrent.AbstractRunnable.run(AbstractRunnable.java:37) [elasticsearch-5.5.3.jar:5.5.3]
	at java.util.concurrent.ThreadPoolExecutor.runWorker(ThreadPoolExecutor.java:1149) [?:1.8.0_171]
	at java.util.concurrent.ThreadPoolExecutor$Worker.run(ThreadPoolExecutor.java:624) [?:1.8.0_171]
	at java.lang.Thread.run(Thread.java:748) [?:1.8.0_171]
[2018-05-12T12:54:52,616][DEBUG][o.e.a.b.TransportShardBulkAction] [A_ygTsB] [halsetadindex][1] failed to execute bulk item (index) BulkShardRequest [[halsetadindex][1]] containing [5] requests
java.lang.IllegalArgumentException: mapper [metric.aggregate.halstead.operands.identifiers] of different type, current_type [long], merged_type [text]
	at org.elasticsearch.index.mapper.FieldMapper.doMerge(FieldMapper.java:347) ~[elasticsearch-5.5.3.jar:5.5.3]
	at org.elasticsearch.index.mapper.NumberFieldMapper.doMerge(NumberFieldMapper.java:1097) ~[elasticsearch-5.5.3.jar:5.5.3]
	at org.elasticsearch.index.mapper.FieldMapper.merge(FieldMapper.java:333) ~[elasticsearch-5.5.3.jar:5.5.3]
	at org.elasticsearch.index.mapper.FieldMapper.merge(FieldMapper.java:49) ~[elasticsearch-5.5.3.jar:5.5.3]
	at org.elasticsearch.index.mapper.DocumentParser.createDynamicUpdate(DocumentParser.java:210) ~[elasticsearch-5.5.3.jar:5.5.3]
	at org.elasticsearch.index.mapper.DocumentParser.parseDocument(DocumentParser.java:78) ~[elasticsearch-5.5.3.jar:5.5.3]
	at org.elasticsearch.index.mapper.DocumentMapper.parse(DocumentMapper.java:277) ~[elasticsearch-5.5.3.jar:5.5.3]
	at org.elasticsearch.index.shard.IndexShard.prepareIndex(IndexShard.java:529) ~[elasticsearch-5.5.3.jar:5.5.3]
	at org.elasticsearch.index.shard.IndexShard.prepareIndexOnPrimary(IndexShard.java:506) ~[elasticsearch-5.5.3.jar:5.5.3]
	at org.elasticsearch.action.bulk.TransportShardBulkAction.prepareIndexOperationOnPrimary(TransportShardBulkAction.java:457) ~[elasticsearch-5.5.3.jar:5.5.3]
	at org.elasticsearch.action.bulk.TransportShardBulkAction.executeIndexRequestOnPrimary(TransportShardBulkAction.java:465) ~[elasticsearch-5.5.3.jar:5.5.3]
	at org.elasticsearch.action.bulk.TransportShardBulkAction.executeBulkItemRequest(TransportShardBulkAction.java:146) [elasticsearch-5.5.3.jar:5.5.3]
	at org.elasticsearch.action.bulk.TransportShardBulkAction.shardOperationOnPrimary(TransportShardBulkAction.java:115) [elasticsearch-5.5.3.jar:5.5.3]
	at org.elasticsearch.action.bulk.TransportShardBulkAction.shardOperationOnPrimary(TransportShardBulkAction.java:70) [elasticsearch-5.5.3.jar:5.5.3]
	at org.elasticsearch.action.support.replication.TransportReplicationAction$PrimaryShardReference.perform(TransportReplicationAction.java:939) [elasticsearch-5.5.3.jar:5.5.3]
	at org.elasticsearch.action.support.replication.TransportReplicationAction$PrimaryShardReference.perform(TransportReplicationAction.java:908) [elasticsearch-5.5.3.jar:5.5.3]
	at org.elasticsearch.action.support.replication.ReplicationOperation.execute(ReplicationOperation.java:113) [elasticsearch-5.5.3.jar:5.5.3]
	at org.elasticsearch.action.support.replication.TransportReplicationAction$AsyncPrimaryAction.onResponse(TransportReplicationAction.java:322) [elasticsearch-5.5.3.jar:5.5.3]
	at org.elasticsearch.action.support.replication.TransportReplicationAction$AsyncPrimaryAction.onResponse(TransportReplicationAction.java:264) [elasticsearch-5.5.3.jar:5.5.3]
	at org.elasticsearch.action.support.replication.TransportReplicationAction$1.onResponse(TransportReplicationAction.java:888) [elasticsearch-5.5.3.jar:5.5.3]
	at org.elasticsearch.action.support.replication.TransportReplicationAction$1.onResponse(TransportReplicationAction.java:885) [elasticsearch-5.5.3.jar:5.5.3]
	at org.elasticsearch.index.shard.IndexShardOperationsLock.acquire(IndexShardOperationsLock.java:151) [elasticsearch-5.5.3.jar:5.5.3]
	at org.elasticsearch.index.shard.IndexShard.acquirePrimaryOperationLock(IndexShard.java:1657) [elasticsearch-5.5.3.jar:5.5.3]
	at org.elasticsearch.action.support.replication.TransportReplicationAction.acquirePrimaryShardReference(TransportReplicationAction.java:897) [elasticsearch-5.5.3.jar:5.5.3]
	at org.elasticsearch.action.support.replication.TransportReplicationAction.access$400(TransportReplicationAction.java:93) [elasticsearch-5.5.3.jar:5.5.3]
	at org.elasticsearch.action.support.replication.TransportReplicationAction$AsyncPrimaryAction.doRun(TransportReplicationAction.java:281) [elasticsearch-5.5.3.jar:5.5.3]
	at org.elasticsearch.common.util.concurrent.AbstractRunnable.run(AbstractRunnable.java:37) [elasticsearch-5.5.3.jar:5.5.3]
	at org.elasticsearch.action.support.replication.TransportReplicationAction$PrimaryOperationTransportHandler.messageReceived(TransportReplicationAction.java:260) [elasticsearch-5.5.3.jar:5.5.3]
	at org.elasticsearch.action.support.replication.TransportReplicationAction$PrimaryOperationTransportHandler.messageReceived(TransportReplicationAction.java:252) [elasticsearch-5.5.3.jar:5.5.3]
	at org.elasticsearch.transport.RequestHandlerRegistry.processMessageReceived(RequestHandlerRegistry.java:69) [elasticsearch-5.5.3.jar:5.5.3]
	at org.elasticsearch.transport.TransportService$7.doRun(TransportService.java:644) [elasticsearch-5.5.3.jar:5.5.3]
	at org.elasticsearch.common.util.concurrent.ThreadContext$ContextPreservingAbstractRunnable.doRun(ThreadContext.java:638) [elasticsearch-5.5.3.jar:5.5.3]
	at org.elasticsearch.common.util.concurrent.AbstractRunnable.run(AbstractRunnable.java:37) [elasticsearch-5.5.3.jar:5.5.3]
	at java.util.concurrent.ThreadPoolExecutor.runWorker(ThreadPoolExecutor.java:1149) [?:1.8.0_171]
	at java.util.concurrent.ThreadPoolExecutor$Worker.run(ThreadPoolExecutor.java:624) [?:1.8.0_171]
	at java.lang.Thread.run(Thread.java:748) [?:1.8.0_171]
[2018-05-12T12:54:52,626][DEBUG][o.e.a.b.TransportShardBulkAction] [A_ygTsB] [halsetadindex][2] failed to execute bulk item (index) BulkShardRequest [[halsetadindex][2]] containing [3] requests
java.lang.IllegalArgumentException: mapper [metric.aggregate.halstead.operands.identifiers] of different type, current_type [boolean], merged_type [text]
	at org.elasticsearch.index.mapper.FieldMapper.doMerge(FieldMapper.java:347) ~[elasticsearch-5.5.3.jar:5.5.3]
	at org.elasticsearch.index.mapper.FieldMapper.merge(FieldMapper.java:333) ~[elasticsearch-5.5.3.jar:5.5.3]
	at org.elasticsearch.index.mapper.FieldMapper.merge(FieldMapper.java:49) ~[elasticsearch-5.5.3.jar:5.5.3]
	at org.elasticsearch.index.mapper.DocumentParser.createDynamicUpdate(DocumentParser.java:210) ~[elasticsearch-5.5.3.jar:5.5.3]
	at org.elasticsearch.index.mapper.DocumentParser.parseDocument(DocumentParser.java:78) ~[elasticsearch-5.5.3.jar:5.5.3]
	at org.elasticsearch.index.mapper.DocumentMapper.parse(DocumentMapper.java:277) ~[elasticsearch-5.5.3.jar:5.5.3]
	at org.elasticsearch.index.shard.IndexShard.prepareIndex(IndexShard.java:529) ~[elasticsearch-5.5.3.jar:5.5.3]
	at org.elasticsearch.index.shard.IndexShard.prepareIndexOnPrimary(IndexShard.java:506) ~[elasticsearch-5.5.3.jar:5.5.3]
	at org.elasticsearch.action.bulk.TransportShardBulkAction.prepareIndexOperationOnPrimary(TransportShardBulkAction.java:457) ~[elasticsearch-5.5.3.jar:5.5.3]
	at org.elasticsearch.action.bulk.TransportShardBulkAction.executeIndexRequestOnPrimary(TransportShardBulkAction.java:465) ~[elasticsearch-5.5.3.jar:5.5.3]
	at org.elasticsearch.action.bulk.TransportShardBulkAction.executeBulkItemRequest(TransportShardBulkAction.java:146) [elasticsearch-5.5.3.jar:5.5.3]
	at org.elasticsearch.action.bulk.TransportShardBulkAction.shardOperationOnPrimary(TransportShardBulkAction.java:115) [elasticsearch-5.5.3.jar:5.5.3]
	at org.elasticsearch.action.bulk.TransportShardBulkAction.shardOperationOnPrimary(TransportShardBulkAction.java:70) [elasticsearch-5.5.3.jar:5.5.3]
	at org.elasticsearch.action.support.replication.TransportReplicationAction$PrimaryShardReference.perform(TransportReplicationAction.java:939) [elasticsearch-5.5.3.jar:5.5.3]
	at org.elasticsearch.action.support.replication.TransportReplicationAction$PrimaryShardReference.perform(TransportReplicationAction.java:908) [elasticsearch-5.5.3.jar:5.5.3]
	at org.elasticsearch.action.support.replication.ReplicationOperation.execute(ReplicationOperation.java:113) [elasticsearch-5.5.3.jar:5.5.3]
	at org.elasticsearch.action.support.replication.TransportReplicationAction$AsyncPrimaryAction.onResponse(TransportReplicationAction.java:322) [elasticsearch-5.5.3.jar:5.5.3]
	at org.elasticsearch.action.support.replication.TransportReplicationAction$AsyncPrimaryAction.onResponse(TransportReplicationAction.java:264) [elasticsearch-5.5.3.jar:5.5.3]
	at org.elasticsearch.action.support.replication.TransportReplicationAction$1.onResponse(TransportReplicationAction.java:888) [elasticsearch-5.5.3.jar:5.5.3]
	at org.elasticsearch.action.support.replication.TransportReplicationAction$1.onResponse(TransportReplicationAction.java:885) [elasticsearch-5.5.3.jar:5.5.3]
	at org.elasticsearch.index.shard.IndexShardOperationsLock.acquire(IndexShardOperationsLock.java:151) [elasticsearch-5.5.3.jar:5.5.3]
	at org.elasticsearch.index.shard.IndexShard.acquirePrimaryOperationLock(IndexShard.java:1657) [elasticsearch-5.5.3.jar:5.5.3]
	at org.elasticsearch.action.support.replication.TransportReplicationAction.acquirePrimaryShardReference(TransportReplicationAction.java:897) [elasticsearch-5.5.3.jar:5.5.3]
	at org.elasticsearch.action.support.replication.TransportReplicationAction.access$400(TransportReplicationAction.java:93) [elasticsearch-5.5.3.jar:5.5.3]
	at org.elasticsearch.action.support.replication.TransportReplicationAction$AsyncPrimaryAction.doRun(TransportReplicationAction.java:281) [elasticsearch-5.5.3.jar:5.5.3]
	at org.elasticsearch.common.util.concurrent.AbstractRunnable.run(AbstractRunnable.java:37) [elasticsearch-5.5.3.jar:5.5.3]
	at org.elasticsearch.action.support.replication.TransportReplicationAction$PrimaryOperationTransportHandler.messageReceived(TransportReplicationAction.java:260) [elasticsearch-5.5.3.jar:5.5.3]
	at org.elasticsearch.action.support.replication.TransportReplicationAction$PrimaryOperationTransportHandler.messageReceived(TransportReplicationAction.java:252) [elasticsearch-5.5.3.jar:5.5.3]
	at org.elasticsearch.transport.RequestHandlerRegistry.processMessageReceived(RequestHandlerRegistry.java:69) [elasticsearch-5.5.3.jar:5.5.3]
	at org.elasticsearch.transport.TransportService$7.doRun(TransportService.java:644) [elasticsearch-5.5.3.jar:5.5.3]
	at org.elasticsearch.common.util.concurrent.ThreadContext$ContextPreservingAbstractRunnable.doRun(ThreadContext.java:638) [elasticsearch-5.5.3.jar:5.5.3]
	at org.elasticsearch.common.util.concurrent.AbstractRunnable.run(AbstractRunnable.java:37) [elasticsearch-5.5.3.jar:5.5.3]
	at java.util.concurrent.ThreadPoolExecutor.runWorker(ThreadPoolExecutor.java:1149) [?:1.8.0_171]
	at java.util.concurrent.ThreadPoolExecutor$Worker.run(ThreadPoolExecutor.java:624) [?:1.8.0_171]
	at java.lang.Thread.run(Thread.java:748) [?:1.8.0_171]
[2018-05-12T21:46:29,089][INFO ][o.e.n.Node               ] [A_ygTsB] stopping ...
[2018-05-12T21:46:29,175][INFO ][o.e.n.Node               ] [A_ygTsB] stopped
[2018-05-12T21:46:29,176][INFO ][o.e.n.Node               ] [A_ygTsB] closing ...
[2018-05-12T21:46:29,193][INFO ][o.e.n.Node               ] [A_ygTsB] closed
[2018-05-12T21:46:49,238][INFO ][o.e.n.Node               ] [] initializing ...
[2018-05-12T21:46:49,347][INFO ][o.e.e.NodeEnvironment    ] [A_ygTsB] using [1] data paths, mounts [[/media/dimapc/A2047D20047CF89D (/dev/sda4)]], net usable_space [17.7gb], net total_space [98.5gb], spins? [no], types [fuseblk]
[2018-05-12T21:46:49,348][INFO ][o.e.e.NodeEnvironment    ] [A_ygTsB] heap size [1.9gb], compressed ordinary object pointers [true]
[2018-05-12T21:46:49,511][INFO ][o.e.n.Node               ] node name [A_ygTsB] derived from node ID [A_ygTsB8QGGA88KKhy6Y5g]; set [node.name] to override
[2018-05-12T21:46:49,512][INFO ][o.e.n.Node               ] version[5.5.3], pid[28555], build[9305a5e/2017-09-07T15:56:59.599Z], OS[Linux/4.4.0-124-generic/amd64], JVM[Oracle Corporation/Java HotSpot(TM) 64-Bit Server VM/1.8.0_171/25.171-b11]
[2018-05-12T21:46:49,513][INFO ][o.e.n.Node               ] JVM arguments [-Xms2g, -Xmx2g, -XX:+UseConcMarkSweepGC, -XX:CMSInitiatingOccupancyFraction=75, -XX:+UseCMSInitiatingOccupancyOnly, -XX:+AlwaysPreTouch, -Xss1m, -Djava.awt.headless=true, -Dfile.encoding=UTF-8, -Djna.nosys=true, -Djdk.io.permissionsUseCanonicalPath=true, -Dio.netty.noUnsafe=true, -Dio.netty.noKeySetOptimization=true, -Dio.netty.recycler.maxCapacityPerThread=0, -Dlog4j.shutdownHookEnabled=false, -Dlog4j2.disable.jmx=true, -Dlog4j.skipJansi=true, -XX:+HeapDumpOnOutOfMemoryError, -Des.path.home=/media/dimapc/A2047D20047CF89D/Users/DIMAPC/Desktop/5курс/practice/mean-app/elastic/elasticsearch-5.5.3]
[2018-05-12T21:46:51,149][INFO ][o.e.p.PluginsService     ] [A_ygTsB] loaded module [aggs-matrix-stats]
[2018-05-12T21:46:51,150][INFO ][o.e.p.PluginsService     ] [A_ygTsB] loaded module [ingest-common]
[2018-05-12T21:46:51,152][INFO ][o.e.p.PluginsService     ] [A_ygTsB] loaded module [lang-expression]
[2018-05-12T21:46:51,152][INFO ][o.e.p.PluginsService     ] [A_ygTsB] loaded module [lang-groovy]
[2018-05-12T21:46:51,154][INFO ][o.e.p.PluginsService     ] [A_ygTsB] loaded module [lang-mustache]
[2018-05-12T21:46:51,154][INFO ][o.e.p.PluginsService     ] [A_ygTsB] loaded module [lang-painless]
[2018-05-12T21:46:51,154][INFO ][o.e.p.PluginsService     ] [A_ygTsB] loaded module [parent-join]
[2018-05-12T21:46:51,155][INFO ][o.e.p.PluginsService     ] [A_ygTsB] loaded module [percolator]
[2018-05-12T21:46:51,155][INFO ][o.e.p.PluginsService     ] [A_ygTsB] loaded module [reindex]
[2018-05-12T21:46:51,155][INFO ][o.e.p.PluginsService     ] [A_ygTsB] loaded module [transport-netty3]
[2018-05-12T21:46:51,156][INFO ][o.e.p.PluginsService     ] [A_ygTsB] loaded module [transport-netty4]
[2018-05-12T21:46:51,157][INFO ][o.e.p.PluginsService     ] [A_ygTsB] no plugins loaded
[2018-05-12T21:46:53,754][INFO ][o.e.d.DiscoveryModule    ] [A_ygTsB] using discovery type [zen]
[2018-05-12T21:46:54,924][INFO ][o.e.n.Node               ] initialized
[2018-05-12T21:46:54,933][INFO ][o.e.n.Node               ] [A_ygTsB] starting ...
[2018-05-12T21:46:55,506][INFO ][o.e.t.TransportService   ] [A_ygTsB] publish_address {127.0.0.1:9300}, bound_addresses {[::1]:9300}, {127.0.0.1:9300}
[2018-05-12T21:46:55,543][WARN ][o.e.b.BootstrapChecks    ] [A_ygTsB] max virtual memory areas vm.max_map_count [65530] is too low, increase to at least [262144]
[2018-05-12T21:46:58,690][INFO ][o.e.c.s.ClusterService   ] [A_ygTsB] new_master {A_ygTsB}{A_ygTsB8QGGA88KKhy6Y5g}{hX5Te7QISUCSGhUDtn06mw}{127.0.0.1}{127.0.0.1:9300}, reason: zen-disco-elected-as-master ([0] nodes joined)
[2018-05-12T21:46:58,731][INFO ][o.e.h.n.Netty4HttpServerTransport] [A_ygTsB] publish_address {127.0.0.1:9200}, bound_addresses {[::1]:9200}, {127.0.0.1:9200}
[2018-05-12T21:46:58,731][INFO ][o.e.n.Node               ] [A_ygTsB] started
[2018-05-12T21:46:58,902][INFO ][o.e.g.GatewayService     ] [A_ygTsB] recovered [1] indices into cluster_state
[2018-05-12T21:46:59,390][INFO ][o.e.c.r.a.AllocationService] [A_ygTsB] Cluster health status changed from [RED] to [YELLOW] (reason: [shards started [[halsetadindex][2]] ...]).
[2018-05-12T22:02:02,687][INFO ][o.e.n.Node               ] [A_ygTsB] stopping ...
[2018-05-12T22:02:02,744][INFO ][o.e.n.Node               ] [A_ygTsB] stopped
[2018-05-12T22:02:02,744][INFO ][o.e.n.Node               ] [A_ygTsB] closing ...
[2018-05-12T22:02:02,762][INFO ][o.e.n.Node               ] [A_ygTsB] closed
